make[1]: 进入目录“/root/gitStore/apache/tar/apr-1.5.2”
make[1]: 对“local-all”无需做任何事。
make[1]: 离开目录“/root/gitStore/apache/tar/apr-1.5.2”
/root/gitStore/apache/tar/apr-1.5.2/build/mkdir.sh /usr/local/apr/lib /usr/local/apr/bin /usr/local/apr/build-1 \
	     /usr/local/apr/lib/pkgconfig /usr/local/apr/include/apr-1
/usr/bin/install -c -m 644 /root/gitStore/apache/tar/apr-1.5.2/include/apr.h /usr/local/apr/include/apr-1
for f in /root/gitStore/apache/tar/apr-1.5.2/include/apr_*.h; do \
    /usr/bin/install -c -m 644 ${f} /usr/local/apr/include/apr-1; \
done
/bin/sh /root/gitStore/apache/tar/apr-1.5.2/libtool --mode=install /usr/bin/install -c -m 755 libapr-1.la /usr/local/apr/lib
libtool: install: /usr/bin/install -c -m 755 .libs/libapr-1.so.0.5.2 /usr/local/apr/lib/libapr-1.so.0.5.2
libtool: install: (cd /usr/local/apr/lib && { ln -s -f libapr-1.so.0.5.2 libapr-1.so.0 || { rm -f libapr-1.so.0 && ln -s libapr-1.so.0.5.2 libapr-1.so.0; }; })
libtool: install: (cd /usr/local/apr/lib && { ln -s -f libapr-1.so.0.5.2 libapr-1.so || { rm -f libapr-1.so && ln -s libapr-1.so.0.5.2 libapr-1.so; }; })
libtool: install: /usr/bin/install -c -m 755 .libs/libapr-1.lai /usr/local/apr/lib/libapr-1.la
libtool: install: /usr/bin/install -c -m 755 .libs/libapr-1.a /usr/local/apr/lib/libapr-1.a
libtool: install: chmod 644 /usr/local/apr/lib/libapr-1.a
libtool: install: ranlib /usr/local/apr/lib/libapr-1.a
/usr/bin/install -c -m 644 apr.exp /usr/local/apr/lib/apr.exp
/usr/bin/install -c -m 644 apr.pc /usr/local/apr/lib/pkgconfig/apr-1.pc
for f in libtool shlibtool; do \
    if test -f ${f}; then /usr/bin/install -c -m 755 ${f} /usr/local/apr/build-1; fi; \
done
/usr/bin/install -c -m 755 /root/gitStore/apache/tar/apr-1.5.2/build/mkdir.sh /usr/local/apr/build-1
for f in make_exports.awk make_var_export.awk; do \
    /usr/bin/install -c -m 644 /root/gitStore/apache/tar/apr-1.5.2/build/${f} /usr/local/apr/build-1; \
done
/usr/bin/install -c -m 644 build/apr_rules.out /usr/local/apr/build-1/apr_rules.mk
/usr/bin/install -c -m 755 apr-config.out /usr/local/apr/bin/apr-1-config
